# JRE version: OpenJDK Runtime Environment (8.0_242-b01) (build 1.8.0_242-release-1644-b01)
# Java VM: OpenJDK 64-Bit Server VM (25.242-b01 mixed mode windows-amd64 compressed oops)
Heap:
 PSYoungGen      total 75776K, used 66200K [0x00000000d5580000, 0x00000000de880000, 0x0000000100000000)
  eden space 65536K, 88% used [0x00000000d5580000,0x00000000d8e50ec8,0x00000000d9580000)
  from space 10240K, 78% used [0x00000000da080000,0x00000000da8551d8,0x00000000daa80000)
  to   space 11264K, 0% used [0x00000000d9580000,0x00000000d9580000,0x00000000da080000)
 ParOldGen       total 46592K, used 7354K [0x0000000080000000, 0x0000000082d80000, 0x00000000d5580000)
  object space 46592K, 15% used [0x0000000080000000,0x000000008072e868,0x0000000082d80000)
 Metaspace       used 31987K, capacity 32798K, committed 33072K, reserved 1077248K
  class space    used 4332K, capacity 4583K, committed 4656K, reserved 1048576K
GC Heap History (10 events):
Event: 14.793 GC heap before
{Heap before GC invocations=5 (full 0):
 PSYoungGen      total 38400K, used 38368K [0x00000000d5580000, 0x00000000da080000, 0x0000000100000000)
  eden space 33280K, 100% used [0x00000000d5580000,0x00000000d7600000,0x00000000d7600000)
  from space 5120K, 99% used [0x00000000d7b00000,0x00000000d7ff8020,0x00000000d8000000)
  to   space 5120K, 0% used [0x00000000d7600000,0x00000000d7600000,0x00000000d7b00000)
 ParOldGen       total 87552K, used 3429K [0x0000000080000000, 0x0000000085580000, 0x00000000d5580000)
  object space 87552K, 3% used [0x0000000080000000,0x0000000080359628,0x0000000085580000)
 Metaspace       used 17957K, capacity 18566K, committed 18816K, reserved 1064960K
  class space    used 2443K, capacity 2637K, committed 2688K, reserved 1048576K
Event: 14.832 GC heap after
Heap after GC invocations=5 (full 0):
 PSYoungGen      total 38400K, used 5088K [0x00000000d5580000, 0x00000000daa80000, 0x0000000100000000)
  eden space 33280K, 0% used [0x00000000d5580000,0x00000000d5580000,0x00000000d7600000)
  from space 5120K, 99% used [0x00000000d7600000,0x00000000d7af8020,0x00000000d7b00000)
  to   space 10240K, 0% used [0x00000000da080000,0x00000000da080000,0x00000000daa80000)
 ParOldGen       total 87552K, used 6779K [0x0000000080000000, 0x0000000085580000, 0x00000000d5580000)
  object space 87552K, 7% used [0x0000000080000000,0x000000008069efd0,0x0000000085580000)
 Metaspace       used 17957K, capacity 18566K, committed 18816K, reserved 1064960K
  class space    used 2443K, capacity 2637K, committed 2688K, reserved 1048576K
}
Event: 16.751 GC heap before
{Heap before GC invocations=6 (full 0):
 PSYoungGen      total 38400K, used 38368K [0x00000000d5580000, 0x00000000daa80000, 0x0000000100000000)
  eden space 33280K, 100% used [0x00000000d5580000,0x00000000d7600000,0x00000000d7600000)
  from space 5120K, 99% used [0x00000000d7600000,0x00000000d7af8020,0x00000000d7b00000)
  to   space 10240K, 0% used [0x00000000da080000,0x00000000da080000,0x00000000daa80000)
 ParOldGen       total 87552K, used 6779K [0x0000000080000000, 0x0000000085580000, 0x00000000d5580000)
  object space 87552K, 7% used [0x0000000080000000,0x000000008069efd0,0x0000000085580000)
 Metaspace       used 20496K, capacity 21230K, committed 21296K, reserved 1067008K
  class space    used 2873K, capacity 3095K, committed 3120K, reserved 1048576K
Event: 16.776 GC heap after
Heap after GC invocations=6 (full 0):
 PSYoungGen      total 75776K, used 8830K [0x00000000d5580000, 0x00000000dac80000, 0x0000000100000000)
  eden space 65536K, 0% used [0x00000000d5580000,0x00000000d5580000,0x00000000d9580000)
  from space 10240K, 86% used [0x00000000da080000,0x00000000da91f870,0x00000000daa80000)
  to   space 11264K, 0% used [0x00000000d9580000,0x00000000d9580000,0x00000000da080000)
 ParOldGen       total 87552K, used 6787K [0x0000000080000000, 0x0000000085580000, 0x00000000d5580000)
  object space 87552K, 7% used [0x0000000080000000,0x00000000806a0fd0,0x0000000085580000)
 Metaspace       used 20496K, capacity 21230K, committed 21296K, reserved 1067008K
  class space    used 2873K, capacity 3095K, committed 3120K, reserved 1048576K
}
Event: 16.795 GC heap before
{Heap before GC invocations=7 (full 0):
 PSYoungGen      total 75776K, used 9864K [0x00000000d5580000, 0x00000000dac80000, 0x0000000100000000)
  eden space 65536K, 1% used [0x00000000d5580000,0x00000000d5682830,0x00000000d9580000)
  from space 10240K, 86% used [0x00000000da080000,0x00000000da91f870,0x00000000daa80000)
  to   space 11264K, 0% used [0x00000000d9580000,0x00000000d9580000,0x00000000da080000)
 ParOldGen       total 87552K, used 6787K [0x0000000080000000, 0x0000000085580000, 0x00000000d5580000)
  object space 87552K, 7% used [0x0000000080000000,0x00000000806a0fd0,0x0000000085580000)
 Metaspace       used 20537K, capacity 21230K, committed 21296K, reserved 1067008K
  class space    used 2880K, capacity 3095K, committed 3120K, reserved 1048576K
Event: 16.825 GC heap after
Heap after GC invocations=7 (full 0):
 PSYoungGen      total 76800K, used 4420K [0x00000000d5580000, 0x00000000dac80000, 0x0000000100000000)
  eden space 65536K, 0% used [0x00000000d5580000,0x00000000d5580000,0x00000000d9580000)
  from space 11264K, 39% used [0x00000000d9580000,0x00000000d99d1050,0x00000000da080000)
  to   space 10240K, 0% used [0x00000000da080000,0x00000000da080000,0x00000000daa80000)
 ParOldGen       total 87552K, used 8996K [0x0000000080000000, 0x0000000085580000, 0x00000000d5580000)
  object space 87552K, 10% used [0x0000000080000000,0x00000000808c9010,0x0000000085580000)
 Metaspace       used 20537K, capacity 21230K, committed 21296K, reserved 1067008K
  class space    used 2880K, capacity 3095K, committed 3120K, reserved 1048576K
}
Event: 16.825 GC heap before
{Heap before GC invocations=8 (full 1):
 PSYoungGen      total 76800K, used 4420K [0x00000000d5580000, 0x00000000dac80000, 0x0000000100000000)
  eden space 65536K, 0% used [0x00000000d5580000,0x00000000d5580000,0x00000000d9580000)
  from space 11264K, 39% used [0x00000000d9580000,0x00000000d99d1050,0x00000000da080000)
  to   space 10240K, 0% used [0x00000000da080000,0x00000000da080000,0x00000000daa80000)
 ParOldGen       total 87552K, used 8996K [0x0000000080000000, 0x0000000085580000, 0x00000000d5580000)
  object space 87552K, 10% used [0x0000000080000000,0x00000000808c9010,0x0000000085580000)
 Metaspace       used 20537K, capacity 21230K, committed 21296K, reserved 1067008K
  class space    used 2880K, capacity 3095K, committed 3120K, reserved 1048576K
Event: 16.927 GC heap after
Heap after GC invocations=8 (full 1):
 PSYoungGen      total 76800K, used 0K [0x00000000d5580000, 0x00000000dac80000, 0x0000000100000000)
  eden space 65536K, 0% used [0x00000000d5580000,0x00000000d5580000,0x00000000d9580000)
  from space 11264K, 0% used [0x00000000d9580000,0x00000000d9580000,0x00000000da080000)
  to   space 10240K, 0% used [0x00000000da080000,0x00000000da080000,0x00000000daa80000)
 ParOldGen       total 46592K, used 7346K [0x0000000080000000, 0x0000000082d80000, 0x00000000d5580000)
  object space 46592K, 15% used [0x0000000080000000,0x000000008072c868,0x0000000082d80000)
 Metaspace       used 20537K, capacity 21230K, committed 21296K, reserved 1067008K
  class space    used 2880K, capacity 3095K, committed 3120K, reserved 1048576K
}
Event: 20.681 GC heap before
{Heap before GC invocations=9 (full 1):
 PSYoungGen      total 76800K, used 65536K [0x00000000d5580000, 0x00000000dac80000, 0x0000000100000000)
  eden space 65536K, 100% used [0x00000000d5580000,0x00000000d9580000,0x00000000d9580000)
  from space 11264K, 0% used [0x00000000d9580000,0x00000000d9580000,0x00000000da080000)
  to   space 10240K, 0% used [0x00000000da080000,0x00000000da080000,0x00000000daa80000)
 ParOldGen       total 46592K, used 7346K [0x0000000080000000, 0x0000000082d80000, 0x00000000d5580000)
  object space 46592K, 15% used [0x0000000080000000,0x000000008072c868,0x0000000082d80000)
 Metaspace       used 28086K, capacity 28880K, committed 29232K, reserved 1075200K
  class space    used 3876K, capacity 4105K, committed 4144K, reserved 1048576K
Event: 20.694 GC heap after
Heap after GC invocations=9 (full 1):
 PSYoungGen      total 75776K, used 8020K [0x00000000d5580000, 0x00000000de880000, 0x0000000100000000)
  eden space 65536K, 0% used [0x00000000d5580000,0x00000000d5580000,0x00000000d9580000)
  from space 10240K, 78% used [0x00000000da080000,0x00000000da8551d8,0x00000000daa80000)
  to   space 11264K, 0% used [0x00000000d9580000,0x00000000d9580000,0x00000000da080000)
 ParOldGen       total 46592K, used 7354K [0x0000000080000000, 0x0000000082d80000, 0x00000000d5580000)
  object space 46592K, 15% used [0x0000000080000000,0x000000008072e868,0x0000000082d80000)
 Metaspace       used 28086K, capacity 28880K, committed 29232K, reserved 1075200K
  class space    used 3876K, capacity 4105K, committed 4144K, reserved 1048576K
}

